2023-08-22 10:02:50.606 [main]  controller.MainController - リクエストが実行されています。
2023-08-22 10:02:50.616 [main]  controller.MainController - 10リクエスト開始
2023-08-22 10:02:52.787 [main]  controller.MainController - リクエストの送信がエラーなりました。
2023-08-22 10:06:10.629 [main]  controller.MainController - リクエストが実行されています。
2023-08-22 10:06:10.634 [main]  controller.MainController - 10リクエスト開始
2023-08-22 10:06:12.789 [main]  controller.MainController - リクエストの送信がエラーなりました。
2023-08-22 10:07:01.075 [main]  controller.MainController - リクエストが実行されています。
2023-08-22 10:07:01.080 [main]  controller.MainController - 10リクエスト開始
2023-08-22 10:07:03.238 [main]  controller.MainController - リクエストの送信がエラーなりました。
2023-08-22 10:11:43.655 [main]  controller.MainController - リクエストの送信がエラーなりました。
2023-08-22 10:11:51.971 [main]  controller.MainController - リクエストの送信がエラーなりました。
2023-08-22 10:13:40.162 [main]  controller.MainController - リクエストの送信がエラーなりました。
2023-08-22 10:14:17.881 [main]  controller.MainController - リクエストの送信がエラーなりました。
2023-08-22 10:14:38.226 [main]  controller.MainController - リクエストの送信がエラーなりました。
2023-08-22 10:20:33.704 [main]  controller.MainController - リクエストの送信がエラーなりました。
2023-08-22 10:20:50.595 [main]  controller.MainController - リクエストの送信がエラーなりました。
2023-08-22 10:21:39.197 [main]  controller.MainController - リクエストの送信がエラーなりました。
2023-08-22 10:23:24.373 [main]  controller.MainController - リクエストの送信がエラーなりました。
2023-08-22 10:23:47.938 [main]  controller.MainController - リクエストが実行されています。
2023-08-22 10:23:47.941 [main]  controller.MainController - 10リクエスト開始
2023-08-22 10:23:48.553 [main]  controller.MainController - 1/10:200
2023-08-22 10:23:48.873 [main]  controller.MainController - 2/10:200
2023-08-22 10:23:49.187 [main]  controller.MainController - 3/10:200
2023-08-22 10:23:49.497 [main]  controller.MainController - 4/10:200
2023-08-22 10:23:49.820 [main]  controller.MainController - 5/10:200
2023-08-22 10:23:50.139 [main]  controller.MainController - 6/10:200
2023-08-22 10:23:50.463 [main]  controller.MainController - 7/10:200
2023-08-22 10:23:50.775 [main]  controller.MainController - 8/10:200
2023-08-22 10:23:51.117 [main]  controller.MainController - 9/10:200
2023-08-22 10:23:51.456 [main]  controller.MainController - 10/10:200
2023-08-22 10:23:51.763 [main]  controller.MainController - 10リクエスト終了
2023-08-22 10:23:52.767 [main]  controller.MainController - 終了
2023-08-22 10:24:40.034 [main]  controller.MainController - リクエストが実行されています。
2023-08-22 10:24:40.040 [main]  controller.MainController - 10リクエスト開始
2023-08-22 10:24:40.193 [main]  controller.MainController - 1/10:200
2023-08-22 10:24:40.519 [main]  controller.MainController - 2/10:200
2023-08-22 10:24:40.919 [main]  controller.MainController - 3/10:200
2023-08-22 10:24:41.237 [main]  controller.MainController - 4/10:200
2023-08-22 10:24:41.575 [main]  controller.MainController - 5/10:200
2023-08-22 10:24:41.893 [main]  controller.MainController - 6/10:200
2023-08-22 10:24:42.234 [main]  controller.MainController - 7/10:200
2023-08-22 10:24:42.566 [main]  controller.MainController - 8/10:200
2023-08-22 10:24:42.879 [main]  controller.MainController - 9/10:200
2023-08-22 10:24:43.207 [main]  controller.MainController - 10/10:200
2023-08-22 10:24:43.509 [main]  controller.MainController - 10リクエスト終了
2023-08-22 10:24:44.511 [main]  controller.MainController - 終了
