2023-08-21 17:51:44.923 [main]  controller.MainController - リクエストが実行されています。
2023-08-21 17:51:44.925 [main]  controller.MainController - 10リクエスト開始
2023-08-21 17:51:44.986 [main]  controller.MainController - 1/10:200
2023-08-21 17:51:45.297 [main]  controller.MainController - 2/10:200
2023-08-21 17:51:45.612 [main]  controller.MainController - 3/10:200
2023-08-21 17:51:45.924 [main]  controller.MainController - 4/10:200
2023-08-21 17:51:46.238 [main]  controller.MainController - 5/10:200
2023-08-21 17:51:46.550 [main]  controller.MainController - 6/10:200
2023-08-21 17:51:46.886 [main]  controller.MainController - 7/10:200
2023-08-21 17:51:47.190 [main]  controller.MainController - 8/10:200
2023-08-21 17:51:47.513 [main]  controller.MainController - 9/10:200
2023-08-21 17:51:47.825 [main]  controller.MainController - 10/10:200
2023-08-21 17:51:48.134 [main]  controller.MainController - 10リクエスト終了
2023-08-21 17:51:49.144 [main]  controller.MainController - 終了
2023-08-21 17:52:35.338 [main]  controller.MainController - リクエストが実行されています。
2023-08-21 17:52:35.340 [main]  controller.MainController - 10リクエスト開始
2023-08-21 17:52:35.400 [main]  controller.MainController - 1/10:200
2023-08-21 17:52:35.711 [main]  controller.MainController - 2/10:200
2023-08-21 17:52:36.023 [main]  controller.MainController - 3/10:200
2023-08-21 17:52:36.336 [main]  controller.MainController - 4/10:200
2023-08-21 17:52:36.643 [main]  controller.MainController - 5/10:200
2023-08-21 17:52:36.950 [main]  controller.MainController - 6/10:200
2023-08-21 17:52:37.262 [main]  controller.MainController - 7/10:200
2023-08-21 17:52:37.604 [main]  controller.MainController - 8/10:200
2023-08-21 17:52:37.924 [main]  controller.MainController - 9/10:200
2023-08-21 17:52:38.232 [main]  controller.MainController - 10/10:200
2023-08-21 17:52:38.539 [main]  controller.MainController - 10リクエスト終了
2023-08-21 17:52:39.551 [main]  controller.MainController - 終了
